2019-07-25 13:15:08 serial = 27182818284
2019-07-25 13:15:08 email = anon
2019-07-25 13:15:08 RTG version = RTG Tools 3.10.1 / Core f9bc0ddb3e (2019-01-21)
2019-07-25 13:15:08 awt.toolkit = sun.awt.X11.XToolkit
2019-07-25 13:15:08 file.encoding = UTF-8
2019-07-25 13:15:08 file.encoding.pkg = sun.io
2019-07-25 13:15:08 file.separator = /
2019-07-25 13:15:08 host.name = dev-surabhi
2019-07-25 13:15:08 java.awt.graphicsenv = sun.awt.X11GraphicsEnvironment
2019-07-25 13:15:08 java.awt.printerjob = sun.print.PSPrinterJob
2019-07-25 13:15:08 java.class.path = /Project/rtg-tools-3.10.1/RTG.jar
2019-07-25 13:15:08 java.class.version = 52.0
2019-07-25 13:15:08 java.endorsed.dirs = /Project/rtg-tools-3.10.1/jre/lib/endorsed
2019-07-25 13:15:08 java.ext.dirs = /Project/rtg-tools-3.10.1/jre/lib/ext:/usr/java/packages/lib/ext
2019-07-25 13:15:08 java.home = /Project/rtg-tools-3.10.1/jre
2019-07-25 13:15:08 java.io.tmpdir = /tmp
2019-07-25 13:15:08 java.library.path = /Project/rtg-tools-3.10.1
2019-07-25 13:15:08 java.runtime.name = Java(TM) SE Runtime Environment
2019-07-25 13:15:08 java.runtime.version = 1.8.0_181-b13
2019-07-25 13:15:08 java.specification.name = Java Platform API Specification
2019-07-25 13:15:08 java.specification.vendor = Oracle Corporation
2019-07-25 13:15:08 java.specification.version = 1.8
2019-07-25 13:15:08 java.vendor = Oracle Corporation
2019-07-25 13:15:08 java.vendor.url = http://java.oracle.com/
2019-07-25 13:15:08 java.vendor.url.bug = http://bugreport.sun.com/bugreport/
2019-07-25 13:15:08 java.version = 1.8.0_181
2019-07-25 13:15:08 java.vm.info = mixed mode
2019-07-25 13:15:08 java.vm.name = Java HotSpot(TM) 64-Bit Server VM
2019-07-25 13:15:08 java.vm.specification.name = Java Virtual Machine Specification
2019-07-25 13:15:08 java.vm.specification.vendor = Oracle Corporation
2019-07-25 13:15:08 java.vm.specification.version = 1.8
2019-07-25 13:15:08 java.vm.vendor = Oracle Corporation
2019-07-25 13:15:08 java.vm.version = 25.181-b13
2019-07-25 13:15:08 lang.version = 1.8.0_181
2019-07-25 13:15:08 line.separator = 

2019-07-25 13:15:08 models.dir = /Project/rtg-tools-3.10.1/models
2019-07-25 13:15:08 nashorn.option.no.deprecation.warning = true
2019-07-25 13:15:08 os.arch = amd64
2019-07-25 13:15:08 os.freememory = 8219922432
2019-07-25 13:15:08 os.name = Linux
2019-07-25 13:15:08 os.totalmemory = 134008836096
2019-07-25 13:15:08 os.version = 4.15.0-1043-aws
2019-07-25 13:15:08 path.separator = :
2019-07-25 13:15:08 processor.arch = amd64
2019-07-25 13:15:08 processor.count = 16
2019-07-25 13:15:08 references.dir = /Project/rtg-tools-3.10.1/references
2019-07-25 13:15:08 runtime.freememory = 1913650824
2019-07-25 13:15:08 runtime.maxmemory = 107206410240
2019-07-25 13:15:08 runtime.totalMemory = 2008023040
2019-07-25 13:15:08 sun.arch.data.model = 64
2019-07-25 13:15:08 sun.boot.class.path = /Project/rtg-tools-3.10.1/jre/lib/resources.jar:/Project/rtg-tools-3.10.1/jre/lib/rt.jar:/Project/rtg-tools-3.10.1/jre/lib/sunrsasign.jar:/Project/rtg-tools-3.10.1/jre/lib/jsse.jar:/Project/rtg-tools-3.10.1/jre/lib/jce.jar:/Project/rtg-tools-3.10.1/jre/lib/charsets.jar:/Project/rtg-tools-3.10.1/jre/lib/jfr.jar:/Project/rtg-tools-3.10.1/jre/classes
2019-07-25 13:15:08 sun.boot.library.path = /Project/rtg-tools-3.10.1/jre/lib/amd64
2019-07-25 13:15:08 sun.cpu.endian = little
2019-07-25 13:15:08 sun.cpu.isalist = 
2019-07-25 13:15:08 sun.io.unicode.encoding = UnicodeLittle
2019-07-25 13:15:08 sun.java.command = /Project/rtg-tools-3.10.1/RTG.jar vcfeval -b /scratch/lambda/lambdaToyData/ml_lambda/lambda_base.vcf.gz -c mother.filter.rfc.ao.vcf.gz -t /scratch/lambda/lambdaToyData/ml_lambda/lambda.sdf -o ml_rtg
2019-07-25 13:15:08 sun.java.launcher = SUN_STANDARD
2019-07-25 13:15:08 sun.jnu.encoding = UTF-8
2019-07-25 13:15:08 sun.management.compiler = HotSpot 64-Bit Tiered Compilers
2019-07-25 13:15:08 sun.os.patch.level = unknown
2019-07-25 13:15:08 talkback = true
2019-07-25 13:15:08 usage = true
2019-07-25 13:15:08 usage.log.hostname = true
2019-07-25 13:15:08 usage.log.username = true
2019-07-25 13:15:08 user.dir = /scratch/lambda/lambdaToyData/mother
2019-07-25 13:15:08 user.home = /home/ubuntu
2019-07-25 13:15:08 user.language = en
2019-07-25 13:15:08 user.name = ubuntu
2019-07-25 13:15:08 user.timezone = SystemV/PST8PDT
2019-07-25 13:15:08 vendor = Oracle Corporation
2019-07-25 13:15:08 gzipfix.enabled = true
2019-07-25 13:15:08 Command line arguments: rtg vcfeval -b /scratch/lambda/lambdaToyData/ml_lambda/lambda_base.vcf.gz -c mother.filter.rfc.ao.vcf.gz -t /scratch/lambda/lambdaToyData/ml_lambda/lambda.sdf -o ml_rtg
2019-07-25 13:15:08 Run Id: 1331c2fa-dc59-4cd2-8d7a-39468ba6c0d0
2019-07-25 13:15:08 Referenced SDF-ID: 48927e02-8b83-4061-9e1a-25687264c2ca Type: DNA Sequences: 1 Max-Length: 48502 Min-Length: 48502 Arm: UNKNOWN
2019-07-25 13:15:08 Reference lambda baseline contains 10 variants.
2019-07-25 13:15:08 Reference lambda calls contains 6 variants.
2019-07-25 13:15:08 Reference lambda had maximum path complexity of 2 at lambda:2191-2667
2019-07-25 13:15:08 Representation bias correction factor for SNP 0/0.0 = 1.0
2019-07-25 13:15:08 Representation bias correction factor for NON_SNP 0/0.0 = 1.0
2019-07-25 13:15:08 Threshold  True-pos-baseline  True-pos-call  False-pos  False-neg  Precision  Sensitivity  F-measure
----------------------------------------------------------------------------------------------------
    5.000                  0              0          6         10     0.0000       0.0000     0.0000
     None                  0              0          6         10     0.0000       0.0000     0.0000

2019-07-25 13:15:08 Finished successfully in 0 s.
